

HI-TECH Software PIC LITE Macro Assembler V9.81 build 7503 
                                                                                               Sat Oct 30 11:13:45 2021

HI-TECH Software Omniscient Code Generator (Lite mode) build 7503
     1  0000                     opt subtitle "HI-TECH Software Omniscient Code Generator (Lite mode) build 7503"
     2                           
     3                           opt pagewidth 120
     4                           
     5                           	opt lm
     6                           
     7                           	processor	16F877A
     8                           clrc	macro
     9                           	bcf	3,0
    10  0000                     	endm
    11                           clrz	macro
    12                           	bcf	3,2
    13  0000                     	endm
    14                           setc	macro
    15                           	bsf	3,0
    16  0000                     	endm
    17                           setz	macro
    18                           	bsf	3,2
    19  0000                     	endm
    20                           skipc	macro
    21                           	btfss	3,0
    22  0000                     	endm
    23                           skipz	macro
    24                           	btfss	3,2
    25  0000                     	endm
    26                           skipnc	macro
    27                           	btfsc	3,0
    28  0000                     	endm
    29                           skipnz	macro
    30                           	btfsc	3,2
    31  0000                     	endm
    32  0000                     indf	equ	0
    33  0000                     indf0	equ	0
    34  0002                     pc	equ	2
    35  0002                     pcl	equ	2
    36  0003                     status	equ	3
    37  0004                     fsr	equ	4
    38  0004                     fsr0	equ	4
    39  0001                     c	equ	1
    40  0000                     z	equ	0
    41  000A                     pclath	equ	10
    42                           # 3 "C:\Users\Perumal_Pichaaa!!!!!\Desktop\picassmbly\SPI_PROTOCOLS\UART_P.c"
    43                           	psect config,class=CONFIG,delta=2 ;#
    44                           # 3 "C:\Users\Perumal_Pichaaa!!!!!\Desktop\picassmbly\SPI_PROTOCOLS\UART_P.c"
    45  2007  FF7A               	dw 0xFFFE & 0xFFFB & 0xFFFF & 0xFFFF & 0xFF7F ;#
    46                           	FNCALL	_main,_uart_init
    47                           	FNCALL	_main,_uart_tx
    48                           	FNCALL	_main,_dealy
    49                           	FNROOT	_main
    50                           	global	_RCREG
    51                           psect	text80,local,class=CODE,delta=2
    52                           global __ptext80
    53  0000                     __ptext80:
    54  001A                     _RCREG	set	26
    55                           	global	_RCSTA
    56  0018                     _RCSTA	set	24
    57                           	global	_TMR1H
    58  000F                     _TMR1H	set	15
    59                           	global	_TMR1L
    60  000E                     _TMR1L	set	14
    61                           	global	_TXREG
    62  0019                     _TXREG	set	25
    63                           	global	_RCIF
    64  0065                     _RCIF	set	101
    65                           	global	_SPEN
    66  00C7                     _SPEN	set	199
    67                           	global	_T1CKPS0
    68  0084                     _T1CKPS0	set	132
    69                           	global	_T1CKPS1
    70  0085                     _T1CKPS1	set	133
    71                           	global	_TMR1CS
    72  0081                     _TMR1CS	set	129
    73                           	global	_TMR1IF
    74  0060                     _TMR1IF	set	96
    75                           	global	_TMR1ON
    76  0080                     _TMR1ON	set	128
    77                           	global	_TXIF
    78  0064                     _TXIF	set	100
    79                           	global	_SPBRG
    80  0099                     _SPBRG	set	153
    81                           	global	_TXSTA
    82  0098                     _TXSTA	set	152
    83                           	global	_TRISC6
    84  043E                     _TRISC6	set	1086
    85                           	global	_TRISC7
    86  043F                     _TRISC7	set	1087
    87                           	global	_TXEN
    88  04C5                     _TXEN	set	1221
    89                           	file	"spi_master.c.as"
    90                           	line	#
    91                           psect cinit,class=CODE,delta=2
    92                           global start_initialization
    93  078A                     start_initialization:
    94                           
    95                           psect cinit,class=CODE,delta=2
    96                           global end_of_initialization
    97                           
    98                           ;End of C runtime variable initialization code
    99                           
   100  078A                     end_of_initialization:
   101  078A  0183               clrf status
   102  078B  120A  118A  2FBF   ljmp _main	;jump to C main() function
   103                           psect	cstackCOMMON,class=COMMON,space=1
   104                           global __pcstackCOMMON
   105  0070                     __pcstackCOMMON:
   106                           	global	?_uart_init
   107  0070                     ?_uart_init:	; 0 bytes @ 0x0
   108                           	global	??_uart_init
   109  0070                     ??_uart_init:	; 0 bytes @ 0x0
   110                           	global	?_uart_tx
   111  0070                     ?_uart_tx:	; 0 bytes @ 0x0
   112                           	global	??_uart_tx
   113  0070                     ??_uart_tx:	; 0 bytes @ 0x0
   114                           	global	?_dealy
   115  0070                     ?_dealy:	; 0 bytes @ 0x0
   116                           	global	??_dealy
   117  0070                     ??_dealy:	; 0 bytes @ 0x0
   118                           	global	?_main
   119  0070                     ?_main:	; 2 bytes @ 0x0
   120                           	global	uart_tx@val
   121  0070                     uart_tx@val:	; 1 bytes @ 0x0
   122  0070                     	ds	1
   123                           	global	??_main
   124  0071                     ??_main:	; 0 bytes @ 0x1
   125 ;;Data sizes: Strings 0, constant 0, data 0, bss 0, persistent 0 stack 0
   126 ;;Auto spaces:   Size  Autos    Used
   127 ;; COMMON          14      1       1
   128 ;; BANK0           80      0       0
   129 ;; BANK1           80      0       0
   130 ;; BANK3           96      0       0
   131 ;; BANK2           96      0       0
   132                           
   133 ;;
   134 ;; Pointer list with targets:
   135                           
   136                           
   137                           
   138 ;;
   139 ;; Critical Paths under _main in COMMON
   140 ;;
   141 ;;   _main->_uart_tx
   142 ;;
   143 ;; Critical Paths under _main in BANK0
   144 ;;
   145 ;;   None.
   146 ;;
   147 ;; Critical Paths under _main in BANK1
   148 ;;
   149 ;;   None.
   150 ;;
   151 ;; Critical Paths under _main in BANK3
   152 ;;
   153 ;;   None.
   154 ;;
   155 ;; Critical Paths under _main in BANK2
   156 ;;
   157 ;;   None.
   158                           
   159 ;;
   160 ;;Main: autosize = 0, tempsize = 0, incstack = 0, save=0
   161 ;;
   162                           
   163 ;;
   164 ;;Call Graph Tables:
   165 ;;
   166 ;; ---------------------------------------------------------------------------------
   167 ;; (Depth) Function   	        Calls       Base Space   Used Autos Params    Refs
   168 ;; ---------------------------------------------------------------------------------
   169 ;; (0) _main                                                 0     0      0      15
   170 ;;                          _uart_init
   171 ;;                            _uart_tx
   172 ;;                              _dealy
   173 ;; ---------------------------------------------------------------------------------
   174 ;; (1) _uart_tx                                              1     1      0      15
   175 ;;                                              0 COMMON     1     1      0
   176 ;; ---------------------------------------------------------------------------------
   177 ;; (1) _uart_init                                            0     0      0       0
   178 ;; ---------------------------------------------------------------------------------
   179 ;; (1) _dealy                                                0     0      0       0
   180 ;; ---------------------------------------------------------------------------------
   181 ;; Estimated maximum stack depth 1
   182 ;; ---------------------------------------------------------------------------------
   183                           
   184 ;; Call Graph Graphs:
   185                           
   186 ;; _main (ROOT)
   187 ;;   _uart_init
   188 ;;   _uart_tx
   189 ;;   _dealy
   190 ;;
   191                           
   192 ;; Address spaces:
   193                           
   194 ;;Name               Size   Autos  Total    Cost      Usage
   195 ;;BITCOMMON            E      0       0       0        0.0%
   196 ;;EEDATA             100      0       0       0        0.0%
   197 ;;NULL                 0      0       0       0        0.0%
   198 ;;CODE                 0      0       0       0        0.0%
   199 ;;COMMON               E      1       1       1        7.1%
   200 ;;BITSFR0              0      0       0       1        0.0%
   201 ;;SFR0                 0      0       0       1        0.0%
   202 ;;BITSFR1              0      0       0       2        0.0%
   203 ;;SFR1                 0      0       0       2        0.0%
   204 ;;STACK                0      0       1       2        0.0%
   205 ;;ABS                  0      0       0       3        0.0%
   206 ;;BITBANK0            50      0       0       4        0.0%
   207 ;;BITSFR3              0      0       0       4        0.0%
   208 ;;SFR3                 0      0       0       4        0.0%
   209 ;;BANK0               50      0       0       5        0.0%
   210 ;;BITSFR2              0      0       0       5        0.0%
   211 ;;SFR2                 0      0       0       5        0.0%
   212 ;;BITBANK1            50      0       0       6        0.0%
   213 ;;BANK1               50      0       0       7        0.0%
   214 ;;BITBANK3            60      0       0       8        0.0%
   215 ;;BANK3               60      0       0       9        0.0%
   216 ;;BITBANK2            60      0       0      10        0.0%
   217 ;;BANK2               60      0       0      11        0.0%
   218 ;;DATA                 0      0       0      12        0.0%
   219                           
   220                           	global	_main
   221                           psect	maintext,global,class=CODE,delta=2
   222                           global __pmaintext
   223  07BF                     __pmaintext:
   224                           
   225 ;; *************** function _main *****************
   226 ;; Defined at:
   227 ;;		line 21 in file "C:\Users\Perumal_Pichaaa!!!!!\Desktop\picassmbly\SPI_PROTOCOLS\UART_P.c"
   228 ;; Parameters:    Size  Location     Type
   229 ;;		None
   230 ;; Auto vars:     Size  Location     Type
   231 ;;		None
   232 ;; Return value:  Size  Location     Type
   233 ;;                  2  694[COMMON] int 
   234 ;; Registers used:
   235 ;;		wreg, status,2, status,0, pclath, cstack
   236 ;; Tracked objects:
   237 ;;		On entry : 17F/0
   238 ;;		On exit  : 0/0
   239 ;;		Unchanged: 0/0
   240 ;; Data sizes:     COMMON   BANK0   BANK1   BANK3   BANK2
   241 ;;      Params:         0       0       0       0       0
   242 ;;      Locals:         0       0       0       0       0
   243 ;;      Temps:          0       0       0       0       0
   244 ;;      Totals:         0       0       0       0       0
   245 ;;Total ram usage:        0 bytes
   246 ;; Hardware stack levels required when called:    1
   247 ;; This function calls:
   248 ;;		_uart_init
   249 ;;		_uart_tx
   250 ;;		_dealy
   251 ;; This function is called by:
   252 ;;		Startup code after reset
   253 ;; This function uses a non-reentrant model
   254 ;;
   255                           psect	maintext
   256                           	file	"C:\Users\Perumal_Pichaaa!!!!!\Desktop\picassmbly\SPI_PROTOCOLS\UART_P.c"
   257                           	line	21
   258                           	global	__size_of_main
   259  0041                     	__size_of_main	equ	__end_of_main-_main
   260                           	
   261  07BF                     _main:	
   262                           	opt	stack 7
   263                           ; Regs used in _main: [wreg+status,2+status,0+pclath+cstack]
   264                           	line	22
   265                           	
   266  07BF                     l1876:	
   267                           ;UART_P.c: 22: uart_init();
   268  07BF  120A  118A  27AC   	fcall	_uart_init
              120A  118A         
   269                           	line	23
   270                           ;UART_P.c: 23: uart_tx('L');
   271  07C4  304C               	movlw	(04Ch)
   272  07C5  120A  118A  278E   	fcall	_uart_tx
              120A  118A         
   273                           	line	24
   274                           ;UART_P.c: 24: dealy();
   275  07CA  120A  118A  279A   	fcall	_dealy
              120A  118A         
   276                           	line	25
   277                           ;UART_P.c: 25: uart_tx('i');
   278  07CF  3069               	movlw	(069h)
   279  07D0  120A  118A  278E   	fcall	_uart_tx
              120A  118A         
   280                           	line	26
   281                           ;UART_P.c: 26: dealy();
   282  07D5  120A  118A  279A   	fcall	_dealy
              120A  118A         
   283                           	line	27
   284                           ;UART_P.c: 27: uart_tx('n');
   285  07DA  306E               	movlw	(06Eh)
   286  07DB  120A  118A  278E   	fcall	_uart_tx
              120A  118A         
   287                           	line	28
   288                           ;UART_P.c: 28: dealy();
   289  07E0  120A  118A  279A   	fcall	_dealy
              120A  118A         
   290                           	line	29
   291                           ;UART_P.c: 29: uart_tx('u');
   292  07E5  3075               	movlw	(075h)
   293  07E6  120A  118A  278E   	fcall	_uart_tx
              120A  118A         
   294                           	line	30
   295                           ;UART_P.c: 30: dealy();
   296  07EB  120A  118A  279A   	fcall	_dealy
              120A  118A         
   297                           	line	31
   298                           ;UART_P.c: 31: uart_tx('x');
   299  07F0  3078               	movlw	(078h)
   300  07F1  120A  118A  278E   	fcall	_uart_tx
              120A  118A         
   301                           	line	32
   302                           ;UART_P.c: 32: dealy();
   303  07F6  120A  118A  279A   	fcall	_dealy
              120A  118A         
   304  07FB  2FFC               	goto	l696
   305                           	line	33
   306                           ;UART_P.c: 33: while(1);
   307                           	
   308  07FC                     l695:	
   309                           	
   310  07FC                     l696:	
   311  07FC  2FFC               	goto	l696
   312                           	
   313  07FD                     l697:	
   314                           	line	34
   315                           	
   316  07FD                     l698:	
   317                           	global	start
   318  07FD  120A  118A  2800   	ljmp	start
   319                           	opt stack 0
   320                           GLOBAL	__end_of_main
   321  0800                     	__end_of_main:
   322 ;; =============== function _main ends ============
   323                           
   324                           	signat	_main,90
   325                           	global	_uart_tx
   326                           psect	text81,local,class=CODE,delta=2
   327                           global __ptext81
   328  078E                     __ptext81:
   329                           
   330 ;; *************** function _uart_tx *****************
   331 ;; Defined at:
   332 ;;		line 36 in file "C:\Users\Perumal_Pichaaa!!!!!\Desktop\picassmbly\SPI_PROTOCOLS\UART_P.c"
   333 ;; Parameters:    Size  Location     Type
   334 ;;  val             1    wreg     unsigned char 
   335 ;; Auto vars:     Size  Location     Type
   336 ;;  val             1    0[COMMON] unsigned char 
   337 ;; Return value:  Size  Location     Type
   338 ;;		None               void
   339 ;; Registers used:
   340 ;;		wreg
   341 ;; Tracked objects:
   342 ;;		On entry : 0/0
   343 ;;		On exit  : 0/0
   344 ;;		Unchanged: 0/0
   345 ;; Data sizes:     COMMON   BANK0   BANK1   BANK3   BANK2
   346 ;;      Params:         0       0       0       0       0
   347 ;;      Locals:         1       0       0       0       0
   348 ;;      Temps:          0       0       0       0       0
   349 ;;      Totals:         1       0       0       0       0
   350 ;;Total ram usage:        1 bytes
   351 ;; Hardware stack levels used:    1
   352 ;; This function calls:
   353 ;;		Nothing
   354 ;; This function is called by:
   355 ;;		_main
   356 ;; This function uses a non-reentrant model
   357 ;;
   358                           psect	text81
   359                           	file	"C:\Users\Perumal_Pichaaa!!!!!\Desktop\picassmbly\SPI_PROTOCOLS\UART_P.c"
   360                           	line	36
   361                           	global	__size_of_uart_tx
   362  000C                     	__size_of_uart_tx	equ	__end_of_uart_tx-_uart_tx
   363                           	
   364  078E                     _uart_tx:	
   365                           	opt	stack 7
   366                           ; Regs used in _uart_tx: [wreg]
   367                           ;uart_tx@val stored from wreg
   368  078E  00F0               	movwf	(uart_tx@val)
   369                           	line	37
   370                           	
   371  078F                     l1102:	
   372                           ;UART_P.c: 37: TXREG=val;
   373  078F  0870               	movf	(uart_tx@val),w
   374  0790  1283               	bcf	status, 5	;RP0=0, select bank0
   375  0791  1303               	bcf	status, 6	;RP1=0, select bank0
   376  0792  0099               	movwf	(25)	;volatile
   377                           	line	38
   378                           ;UART_P.c: 38: while(TXIF==0);
   379  0793  2F94               	goto	l701
   380                           	
   381  0794                     l702:	
   382                           	
   383  0794                     l701:	
   384  0794  1E0C               	btfss	(100/8),(100)&7
   385  0795  2F97               	goto	u21
   386  0796  2F98               	goto	u20
   387  0797                     u21:
   388  0797  2F94               	goto	l701
   389  0798                     u20:
   390                           	
   391  0798                     l703:	
   392                           	line	39
   393                           ;UART_P.c: 39: TXIF=0;
   394  0798  120C               	bcf	(100/8),(100)&7
   395                           	line	40
   396                           	
   397  0799                     l704:	
   398  0799  0008               	return
   399                           	opt stack 0
   400                           GLOBAL	__end_of_uart_tx
   401  079A                     	__end_of_uart_tx:
   402 ;; =============== function _uart_tx ends ============
   403                           
   404                           	signat	_uart_tx,4216
   405                           	global	_uart_init
   406                           psect	text82,local,class=CODE,delta=2
   407                           global __ptext82
   408  07AC                     __ptext82:
   409                           
   410 ;; *************** function _uart_init *****************
   411 ;; Defined at:
   412 ;;		line 48 in file "C:\Users\Perumal_Pichaaa!!!!!\Desktop\picassmbly\SPI_PROTOCOLS\UART_P.c"
   413 ;; Parameters:    Size  Location     Type
   414 ;;		None
   415 ;; Auto vars:     Size  Location     Type
   416 ;;		None
   417 ;; Return value:  Size  Location     Type
   418 ;;		None               void
   419 ;; Registers used:
   420 ;;		wreg, status,2
   421 ;; Tracked objects:
   422 ;;		On entry : 0/0
   423 ;;		On exit  : 0/0
   424 ;;		Unchanged: 0/0
   425 ;; Data sizes:     COMMON   BANK0   BANK1   BANK3   BANK2
   426 ;;      Params:         0       0       0       0       0
   427 ;;      Locals:         0       0       0       0       0
   428 ;;      Temps:          0       0       0       0       0
   429 ;;      Totals:         0       0       0       0       0
   430 ;;Total ram usage:        0 bytes
   431 ;; Hardware stack levels used:    1
   432 ;; This function calls:
   433 ;;		Nothing
   434 ;; This function is called by:
   435 ;;		_main
   436 ;; This function uses a non-reentrant model
   437 ;;
   438                           psect	text82
   439                           	file	"C:\Users\Perumal_Pichaaa!!!!!\Desktop\picassmbly\SPI_PROTOCOLS\UART_P.c"
   440                           	line	48
   441                           	global	__size_of_uart_init
   442  0013                     	__size_of_uart_init	equ	__end_of_uart_init-_uart_init
   443                           	
   444  07AC                     _uart_init:	
   445                           	opt	stack 7
   446                           ; Regs used in _uart_init: [wreg+status,2]
   447                           	line	49
   448                           	
   449  07AC                     l1088:	
   450                           ;UART_P.c: 49: TRISC6=0;
   451  07AC  1683               	bsf	status, 5	;RP0=1, select bank1
   452  07AD  1303               	bcf	status, 6	;RP1=0, select bank1
   453  07AE  1307               	bcf	(1086/8)^080h,(1086)&7
   454                           	line	50
   455                           ;UART_P.c: 50: TRISC7=1;
   456  07AF  1787               	bsf	(1087/8)^080h,(1087)&7
   457                           	line	51
   458                           	
   459  07B0                     l1090:	
   460                           ;UART_P.c: 51: TXSTA=0x00;
   461  07B0  0198               	clrf	(152)^080h	;volatile
   462                           	line	52
   463                           ;UART_P.c: 52: RCSTA=0x00;
   464  07B1  1283               	bcf	status, 5	;RP0=0, select bank0
   465  07B2  1303               	bcf	status, 6	;RP1=0, select bank0
   466  07B3  0198               	clrf	(24)	;volatile
   467                           	line	53
   468                           	
   469  07B4                     l1092:	
   470                           ;UART_P.c: 53: SPBRG=31;
   471  07B4  301F               	movlw	(01Fh)
   472  07B5  1683               	bsf	status, 5	;RP0=1, select bank1
   473  07B6  1303               	bcf	status, 6	;RP1=0, select bank1
   474  07B7  0099               	movwf	(153)^080h	;volatile
   475                           	line	54
   476                           	
   477  07B8                     l1094:	
   478                           ;UART_P.c: 54: TXEN=1;
   479  07B8  1698               	bsf	(1221/8)^080h,(1221)&7
   480                           	line	55
   481                           	
   482  07B9                     l1096:	
   483                           ;UART_P.c: 55: SPEN=1;
   484  07B9  1283               	bcf	status, 5	;RP0=0, select bank0
   485  07BA  1303               	bcf	status, 6	;RP1=0, select bank0
   486  07BB  1798               	bsf	(199/8),(199)&7
   487                           	line	56
   488                           	
   489  07BC                     l1098:	
   490                           ;UART_P.c: 56: TXIF=0;
   491  07BC  120C               	bcf	(100/8),(100)&7
   492                           	line	57
   493                           	
   494  07BD                     l1100:	
   495                           ;UART_P.c: 57: RCIF=0;
   496  07BD  128C               	bcf	(101/8),(101)&7
   497                           	line	58
   498                           	
   499  07BE                     l713:	
   500  07BE  0008               	return
   501                           	opt stack 0
   502                           GLOBAL	__end_of_uart_init
   503  07BF                     	__end_of_uart_init:
   504 ;; =============== function _uart_init ends ============
   505                           
   506                           	signat	_uart_init,88
   507                           	global	_dealy
   508                           psect	text83,local,class=CODE,delta=2
   509                           global __ptext83
   510  079A                     __ptext83:
   511                           
   512 ;; *************** function _dealy *****************
   513 ;; Defined at:
   514 ;;		line 9 in file "C:\Users\Perumal_Pichaaa!!!!!\Desktop\picassmbly\SPI_PROTOCOLS\UART_P.c"
   515 ;; Parameters:    Size  Location     Type
   516 ;;		None
   517 ;; Auto vars:     Size  Location     Type
   518 ;;		None
   519 ;; Return value:  Size  Location     Type
   520 ;;		None               void
   521 ;; Registers used:
   522 ;;		wreg
   523 ;; Tracked objects:
   524 ;;		On entry : 0/0
   525 ;;		On exit  : 0/0
   526 ;;		Unchanged: 0/0
   527 ;; Data sizes:     COMMON   BANK0   BANK1   BANK3   BANK2
   528 ;;      Params:         0       0       0       0       0
   529 ;;      Locals:         0       0       0       0       0
   530 ;;      Temps:          0       0       0       0       0
   531 ;;      Totals:         0       0       0       0       0
   532 ;;Total ram usage:        0 bytes
   533 ;; Hardware stack levels used:    1
   534 ;; This function calls:
   535 ;;		Nothing
   536 ;; This function is called by:
   537 ;;		_main
   538 ;; This function uses a non-reentrant model
   539 ;;
   540                           psect	text83
   541                           	file	"C:\Users\Perumal_Pichaaa!!!!!\Desktop\picassmbly\SPI_PROTOCOLS\UART_P.c"
   542                           	line	9
   543                           	global	__size_of_dealy
   544  0012                     	__size_of_dealy	equ	__end_of_dealy-_dealy
   545                           	
   546  079A                     _dealy:	
   547                           	opt	stack 7
   548                           ; Regs used in _dealy: [wreg]
   549                           	line	10
   550                           	
   551  079A                     l1082:	
   552                           ;UART_P.c: 10: TMR1CS=1;
   553  079A  1283               	bcf	status, 5	;RP0=0, select bank0
   554  079B  1303               	bcf	status, 6	;RP1=0, select bank0
   555  079C  1490               	bsf	(129/8),(129)&7
   556                           	line	11
   557                           ;UART_P.c: 11: T1CKPS0=1;
   558  079D  1610               	bsf	(132/8),(132)&7
   559                           	line	12
   560                           ;UART_P.c: 12: T1CKPS1=1;
   561  079E  1690               	bsf	(133/8),(133)&7
   562                           	line	13
   563                           	
   564  079F                     l1084:	
   565                           ;UART_P.c: 13: TMR1H=0X3C;
   566  079F  303C               	movlw	(03Ch)
   567  07A0  008F               	movwf	(15)	;volatile
   568                           	line	14
   569                           ;UART_P.c: 14: TMR1L=0XB0;
   570  07A1  30B0               	movlw	(0B0h)
   571  07A2  008E               	movwf	(14)	;volatile
   572                           	line	15
   573                           	
   574  07A3                     l1086:	
   575                           ;UART_P.c: 15: TMR1ON=1;
   576  07A3  1410               	bsf	(128/8),(128)&7
   577                           	line	16
   578                           ;UART_P.c: 16: while(!TMR1IF);
   579  07A4  2FA5               	goto	l689
   580                           	
   581  07A5                     l690:	
   582                           	
   583  07A5                     l689:	
   584  07A5  1C0C               	btfss	(96/8),(96)&7
   585  07A6  2FA8               	goto	u11
   586  07A7  2FA9               	goto	u10
   587  07A8                     u11:
   588  07A8  2FA5               	goto	l689
   589  07A9                     u10:
   590                           	
   591  07A9                     l691:	
   592                           	line	17
   593                           ;UART_P.c: 17: TMR1IF=0;
   594  07A9  100C               	bcf	(96/8),(96)&7
   595                           	line	18
   596                           ;UART_P.c: 18: TMR1ON=0;
   597  07AA  1010               	bcf	(128/8),(128)&7
   598                           	line	19
   599                           	
   600  07AB                     l692:	
   601  07AB  0008               	return
   602                           	opt stack 0
   603                           GLOBAL	__end_of_dealy
   604  07AC                     	__end_of_dealy:
   605 ;; =============== function _dealy ends ============
   606                           
   607                           	signat	_dealy,88
   608                           psect	text84,local,class=CODE,delta=2
   609                           global __ptext84
   610  0000                     __ptext84:
   611                           	global	btemp
   612  007E                     	btemp set 07Eh
   613                           
   614                           	DABS	1,126,2	;btemp
   615                           	global	wtemp0
   616  007E                     	wtemp0 set btemp


HI-TECH Software PICC Macro Assembler V9.81 build 7503 
Symbol Table                                                                                   Sat Oct 30 11:13:45 2021

                  u10 07A9                    u11 07A8                    u20 0798                    u21 0797  
                 l701 0794                   l702 0794                   l703 0798                   l704 0799  
                 l713 07BE                   l690 07A5                   l691 07A9                   l692 07AB  
                 l695 07FC                   l696 07FC                   l689 07A5                   l697 07FD  
                 l698 07FD                  l1100 07BD                  l1102 078F                  l1082 079A  
                l1090 07B0                  l1084 079F                  l1092 07B4                  l1086 07A3  
                l1094 07B8                  l1096 07B9                  l1088 07AC                  l1098 07BC  
                l1876 07BF                  _RCIF 0065                  _SPEN 00C7                  _TXEN 04C5  
                _TXIF 0064                  _main 07BF                  btemp 007E                  start 0000  
               ?_main 0070                 _RCREG 001A                 _RCSTA 0018                 _TMR1H 000F  
               _TMR1L 000E                 _SPBRG 0099                 _TXREG 0019                 _TXSTA 0098  
               _dealy 079A       __end_of_uart_tx 079A                 status 0003                 wtemp0 007E  
        __end_of_main 0800                ??_main 0071                ?_dealy 0070                _TMR1IF 0060  
              _TMR1CS 0081                _TMR1ON 0080                _TRISC6 043E                _TRISC7 043F  
           ??_uart_tx 0070        __pcstackCOMMON 0070         __end_of_dealy 07AC               ??_dealy 0070  
          __pmaintext 07BF               _T1CKPS0 0084               _T1CKPS1 0085    __size_of_uart_init 0013  
             _uart_tx 078E  end_of_initialization 078A     __end_of_uart_init 07BF   start_initialization 078A  
            ?_uart_tx 0070        __size_of_dealy 0012             _uart_init 07AC            uart_tx@val 0070  
          ?_uart_init 0070              __ptext80 0000              __ptext81 078E              __ptext82 07AC  
            __ptext83 079A              __ptext84 0000      __size_of_uart_tx 000C         __size_of_main 0041  
         ??_uart_init 0070  
